#
# There is insufficient memory for the Java Runtime Environment to continue.
# Native memory allocation (mmap) failed to map 2097152 bytes. Error detail: G1 virtual space
# Possible reasons:
#   The system is out of physical RAM or swap space
#   This process is running with CompressedOops enabled, and the Java Heap may be blocking the growth of the native heap
# Possible solutions:
#   Reduce memory load on the system
#   Increase physical memory or swap space
#   Check if swap backing store is full
#   Decrease Java heap size (-Xmx/-Xms)
#   Decrease number of Java threads
#   Decrease Java thread stack sizes (-Xss)
#   Set larger code cache with -XX:ReservedCodeCacheSize=
#   JVM is running with Zero Based Compressed Oops mode in which the Java heap is
#     placed in the first 32GB address space. The Java Heap base address is the
#     maximum limit for the native heap growth. Please use -XX:HeapBaseMinAddress
#     to set the Java Heap base and to place the Java Heap above 32GB virtual address.
# This output file may be truncated or incomplete.
#
#  Out of Memory Error (os_windows.cpp:3631), pid=27400, tid=19856
#
# JRE version: OpenJDK Runtime Environment (22.0.1+8) (build 22.0.1+8-16)
# Java VM: OpenJDK 64-Bit Server VM (22.0.1+8-16, mixed mode, emulated-client, sharing, tiered, compressed oops, compressed class ptrs, g1 gc, windows-amd64)
# No core dump will be written. Minidumps are not enabled by default on client versions of Windows
#

---------------  S U M M A R Y ------------

Command Line: -XX:TieredStopAtLevel=1 -Dspring.output.ansi.enabled=always -Dcom.sun.management.jmxremote -Dspring.jmx.enabled=true -Dspring.liveBeansView.mbeanDomain -Dspring.application.admin.enabled=true -Dmanagement.endpoints.jmx.exposure.include=* -javaagent:C:\Program Files\JetBrains\IntelliJ IDEA 2023.3.5\lib\idea_rt.jar=52973:C:\Program Files\JetBrains\IntelliJ IDEA 2023.3.5\bin -Dfile.encoding=UTF-8 -Dsun.stdout.encoding=UTF-8 -Dsun.stderr.encoding=UTF-8 Finanzas05.Finanzas.FinanzasApplication

Host: 12th Gen Intel(R) Core(TM) i3-12100F, 8 cores, 15G,  Windows 11 , 64 bit Build 26100 (10.0.26100.3037)
Time: Mon Feb 24 18:34:30 2025 Hora est. Pacífico, Sudamérica elapsed time: 55.017780 seconds (0d 0h 0m 55s)

---------------  T H R E A D  ---------------

Current thread (0x000001e99caf9eb0):  WorkerThread "GC Thread#1"    [id=19856, stack(0x000000b2bc200000,0x000000b2bc300000) (1024K)]

Stack: [0x000000b2bc200000,0x000000b2bc300000]
Native frames: (J=compiled Java code, j=interpreted, Vv=VM code, C=native code)
V  [jvm.dll+0x6e2279]  (no source info available)
V  [jvm.dll+0x874e33]  (no source info available)
V  [jvm.dll+0x87725e]  (no source info available)
V  [jvm.dll+0x877933]  (no source info available)
V  [jvm.dll+0x27fd76]  (no source info available)
V  [jvm.dll+0x6de915]  (no source info available)
V  [jvm.dll+0x6d341a]  (no source info available)
V  [jvm.dll+0x3589da]  (no source info available)
V  [jvm.dll+0x360f06]  (no source info available)
V  [jvm.dll+0x3b3b2b]  (no source info available)
V  [jvm.dll+0x3b41c4]  (no source info available)
V  [jvm.dll+0x3b428d]  (no source info available)
V  [jvm.dll+0x32dbfc]  (no source info available)
V  [jvm.dll+0x32d92d]  (no source info available)
V  [jvm.dll+0x31c875]  (no source info available)
V  [jvm.dll+0x31cc46]  (no source info available)
V  [jvm.dll+0x31d8da]  (no source info available)
V  [jvm.dll+0x31dcb4]  (no source info available)
V  [jvm.dll+0x31d747]  (no source info available)
V  [jvm.dll+0x35a7e1]  (no source info available)
V  [jvm.dll+0x35ae61]  (no source info available)
V  [jvm.dll+0x35c0cf]  (no source info available)
V  [jvm.dll+0x3583ee]  (no source info available)
V  [jvm.dll+0x3659eb]  (no source info available)
V  [jvm.dll+0x367759]  (no source info available)
V  [jvm.dll+0x365f5a]  (no source info available)
V  [jvm.dll+0x3673d1]  (no source info available)
V  [jvm.dll+0x372763]  (no source info available)
V  [jvm.dll+0x372a4b]  (no source info available)
V  [jvm.dll+0x8a4297]  (no source info available)
V  [jvm.dll+0x81d44b]  (no source info available)
V  [jvm.dll+0x6e0915]  (no source info available)
C  [ucrtbase.dll+0x37b0]  (no source info available)
C  [KERNEL32.DLL+0x2e8d7]  (no source info available)
C  [ntdll.dll+0xbbf2c]  (no source info available)


---------------  P R O C E S S  ---------------

Threads class SMR info:
_java_thread_list=0x000001e99d359f70, length=33, elements={
0x000001e956a89d00, 0x000001e99c004c00, 0x000001e956a8e880, 0x000001e99c0069d0,
0x000001e99c007fa0, 0x000001e99c008a00, 0x000001e99c009460, 0x000001e99c1087c0,
0x000001e99c4c31e0, 0x000001e99c3f8a90, 0x000001e99c6d8530, 0x000001e99d3a4230,
0x000001e99d3a2b20, 0x000001e99e08c7d0, 0x000001e99e08bab0, 0x000001e99e08a700,
0x000001e99e08b420, 0x000001e99e08ad90, 0x000001e99e08d4f0, 0x000001e99f650cf0,
0x000001e99f64ec20, 0x000001e99f64e590, 0x000001e99f64df00, 0x000001e99f651380,
0x000001e99f6520a0, 0x000001e99f64f2b0, 0x000001e99f652dc0, 0x000001e99f651a10,
0x000001e99f652730, 0x000001e99f64f940, 0x000001e99f64ffd0, 0x000001e99f653450,
0x000001e99f653ae0
}

Java Threads: ( => current thread )
  0x000001e956a89d00 JavaThread "Reference Handler"          daemon [_thread_blocked, id=25440, stack(0x000000b2bb400000,0x000000b2bb500000) (1024K)]
  0x000001e99c004c00 JavaThread "Finalizer"                  daemon [_thread_blocked, id=29724, stack(0x000000b2bb500000,0x000000b2bb600000) (1024K)]
  0x000001e956a8e880 JavaThread "Signal Dispatcher"          daemon [_thread_blocked, id=17084, stack(0x000000b2bb600000,0x000000b2bb700000) (1024K)]
  0x000001e99c0069d0 JavaThread "Attach Listener"            daemon [_thread_blocked, id=22428, stack(0x000000b2bb700000,0x000000b2bb800000) (1024K)]
  0x000001e99c007fa0 JavaThread "Service Thread"             daemon [_thread_blocked, id=15328, stack(0x000000b2bb800000,0x000000b2bb900000) (1024K)]
  0x000001e99c008a00 JavaThread "Monitor Deflation Thread"   daemon [_thread_blocked, id=33964, stack(0x000000b2bb900000,0x000000b2bba00000) (1024K)]
  0x000001e99c009460 JavaThread "C1 CompilerThread0"         daemon [_thread_blocked, id=24524, stack(0x000000b2bba00000,0x000000b2bbb00000) (1024K)]
  0x000001e99c1087c0 JavaThread "Common-Cleaner"             daemon [_thread_blocked, id=25096, stack(0x000000b2bbb00000,0x000000b2bbc00000) (1024K)]
  0x000001e99c4c31e0 JavaThread "Monitor Ctrl-Break"         daemon [_thread_in_native, id=15288, stack(0x000000b2bbd00000,0x000000b2bbe00000) (1024K)]
  0x000001e99c3f8a90 JavaThread "Notification Thread"        daemon [_thread_blocked, id=15076, stack(0x000000b2bbe00000,0x000000b2bbf00000) (1024K)]
  0x000001e99c6d8530 JavaThread "RMI TCP Accept-0"           daemon [_thread_in_native, id=3728, stack(0x000000b2bc100000,0x000000b2bc200000) (1024K)]
  0x000001e99d3a4230 JavaThread "RMI TCP Connection(idle)"   daemon [_thread_blocked, id=18768, stack(0x000000b2bbf00000,0x000000b2bc000000) (1024K)]
  0x000001e99d3a2b20 JavaThread "RMI Scheduler(0)"           daemon [_thread_blocked, id=5340, stack(0x000000b2bcb00000,0x000000b2bcc00000) (1024K)]
  0x000001e99e08c7d0 JavaThread "Catalina-utility-1"                [_thread_blocked, id=29784, stack(0x000000b2bca00000,0x000000b2bcb00000) (1024K)]
  0x000001e99e08bab0 JavaThread "Catalina-utility-2"                [_thread_blocked, id=11352, stack(0x000000b2bcf00000,0x000000b2bd000000) (1024K)]
  0x000001e99e08a700 JavaThread "container-0"                       [_thread_blocked, id=29688, stack(0x000000b2bd100000,0x000000b2bd200000) (1024K)]
  0x000001e99e08b420 JavaThread "mysql-cj-abandoned-connection-cleanup" daemon [_thread_blocked, id=2500, stack(0x000000b2bd200000,0x000000b2bd300000) (1024K)]
  0x000001e99e08ad90 JavaThread "HikariPool-1 housekeeper"   daemon [_thread_blocked, id=21560, stack(0x000000b2bd400000,0x000000b2bd500000) (1024K)]
  0x000001e99e08d4f0 JavaThread "File Watcher"               daemon [_thread_blocked, id=8520, stack(0x000000b2bd600000,0x000000b2bd700000) (1024K)]
  0x000001e99f650cf0 JavaThread "Live Reload Server"         daemon [_thread_in_native, id=16132, stack(0x000000b2bd800000,0x000000b2bd900000) (1024K)]
  0x000001e99f64ec20 JavaThread "http-nio-8080-exec-1"       daemon [_thread_blocked, id=25676, stack(0x000000b2bd700000,0x000000b2bd800000) (1024K)]
  0x000001e99f64e590 JavaThread "http-nio-8080-exec-2"       daemon [_thread_blocked, id=14388, stack(0x000000b2bd900000,0x000000b2bda00000) (1024K)]
  0x000001e99f64df00 JavaThread "http-nio-8080-exec-3"       daemon [_thread_blocked, id=13104, stack(0x000000b2bda00000,0x000000b2bdb00000) (1024K)]
  0x000001e99f651380 JavaThread "http-nio-8080-exec-4"       daemon [_thread_blocked, id=19648, stack(0x000000b2bdb00000,0x000000b2bdc00000) (1024K)]
  0x000001e99f6520a0 JavaThread "http-nio-8080-exec-5"       daemon [_thread_blocked, id=31056, stack(0x000000b2bdc00000,0x000000b2bdd00000) (1024K)]
  0x000001e99f64f2b0 JavaThread "http-nio-8080-exec-6"       daemon [_thread_blocked, id=4228, stack(0x000000b2bdd00000,0x000000b2bde00000) (1024K)]
  0x000001e99f652dc0 JavaThread "http-nio-8080-exec-7"       daemon [_thread_blocked, id=9828, stack(0x000000b2bde00000,0x000000b2bdf00000) (1024K)]
  0x000001e99f651a10 JavaThread "http-nio-8080-exec-8"       daemon [_thread_blocked, id=22912, stack(0x000000b2bdf00000,0x000000b2be000000) (1024K)]
  0x000001e99f652730 JavaThread "http-nio-8080-exec-9"       daemon [_thread_blocked, id=3936, stack(0x000000b2be000000,0x000000b2be100000) (1024K)]
  0x000001e99f64f940 JavaThread "http-nio-8080-exec-10"      daemon [_thread_blocked, id=24412, stack(0x000000b2be100000,0x000000b2be200000) (1024K)]
  0x000001e99f64ffd0 JavaThread "http-nio-8080-Poller"       daemon [_thread_blocked, id=5412, stack(0x000000b2be200000,0x000000b2be300000) (1024K)]
  0x000001e99f653450 JavaThread "http-nio-8080-Acceptor"     daemon [_thread_in_native, id=28776, stack(0x000000b2be300000,0x000000b2be400000) (1024K)]
  0x000001e99f653ae0 JavaThread "DestroyJavaVM"                     [_thread_blocked, id=22720, stack(0x000000b2bac00000,0x000000b2bad00000) (1024K)]
Total: 33

Other Threads:
  0x000001e956a6eac0 VMThread "VM Thread"                           [id=34564, stack(0x000000b2bb300000,0x000000b2bb400000) (1024K)]
  0x000001e956a57aa0 WatcherThread "VM Periodic Task Thread"        [id=5492, stack(0x000000b2bb200000,0x000000b2bb300000) (1024K)]
  0x000001e941f5fb80 WorkerThread "GC Thread#0"                     [id=24164, stack(0x000000b2bad00000,0x000000b2bae00000) (1024K)]
=>0x000001e99caf9eb0 WorkerThread "GC Thread#1"                     [id=19856, stack(0x000000b2bc200000,0x000000b2bc300000) (1024K)]
  0x000001e99cafa260 WorkerThread "GC Thread#2"                     [id=17916, stack(0x000000b2bc300000,0x000000b2bc400000) (1024K)]
  0x000001e99cafa610 WorkerThread "GC Thread#3"                     [id=2744, stack(0x000000b2bc400000,0x000000b2bc500000) (1024K)]
  0x000001e99cafa9c0 WorkerThread "GC Thread#4"                     [id=20076, stack(0x000000b2bc500000,0x000000b2bc600000) (1024K)]
  0x000001e99cafb180 WorkerThread "GC Thread#5"                     [id=31988, stack(0x000000b2bc600000,0x000000b2bc700000) (1024K)]
  0x000001e99cb2b660 WorkerThread "GC Thread#6"                     [id=32512, stack(0x000000b2bc700000,0x000000b2bc800000) (1024K)]
  0x000001e99d3af7f0 WorkerThread "GC Thread#7"                     [id=33928, stack(0x000000b2bc000000,0x000000b2bc100000) (1024K)]
  0x000001e941f71760 ConcurrentGCThread "G1 Main Marker"            [id=15440, stack(0x000000b2bae00000,0x000000b2baf00000) (1024K)]
  0x000001e941f73130 WorkerThread "G1 Conc#0"                       [id=6380, stack(0x000000b2baf00000,0x000000b2bb000000) (1024K)]
  0x000001e99d69deb0 WorkerThread "G1 Conc#1"                       [id=340, stack(0x000000b2bd000000,0x000000b2bd100000) (1024K)]
  0x000001e9569274b0 ConcurrentGCThread "G1 Refine#0"               [id=23532, stack(0x000000b2bb000000,0x000000b2bb100000) (1024K)]
  0x000001e956928df0 ConcurrentGCThread "G1 Service"                [id=24488, stack(0x000000b2bb100000,0x000000b2bb200000) (1024K)]
Total: 15

Threads with active compile tasks:
Total: 0

VM state: at safepoint (normal execution)

VM Mutex/Monitor currently owned by a thread:  ([mutex/lock_event])
[0x00007ffdcc4b9638] FreeList_lock - owner thread: 0x000001e99caf9eb0
[0x00007ffdcc4bbbb8] Threads_lock - owner thread: 0x000001e956a6eac0
[0x00007ffdcc4bbcb8] Heap_lock - owner thread: 0x000001e99e08d4f0

Heap address: 0x0000000702400000, size: 4060 MB, Compressed Oops mode: Zero based, Oop shift amount: 3

CDS archive(s) mapped at: [0x000001e957000000-0x000001e957c50000-0x000001e957c50000), size 12910592, SharedBaseAddress: 0x000001e957000000, ArchiveRelocationMode: 1.
Compressed class space mapped at: 0x000001e958000000-0x000001e998000000, reserved size: 1073741824
Narrow klass base: 0x000001e957000000, Narrow klass shift: 0, Narrow klass range: 0x41000000

GC Precious Log:
 CardTable entry size: 512
 Card Set container configuration: InlinePtr #cards 4 size 8 Array Of Cards #cards 16 size 48 Howl #buckets 8 coarsen threshold 3686 Howl Bitmap #cards 512 size 80 coarsen threshold 460 Card regions per heap region 1 cards per card region 4096
 CPUs: 8 total, 8 available
 Memory: 16237M
 Large Page Support: Disabled
 NUMA Support: Disabled
 Compressed Oops: Enabled (Zero based)
 Heap Region Size: 2M
 Heap Min Capacity: 8M
 Heap Initial Capacity: 254M
 Heap Max Capacity: 4060M
 Pre-touch: Disabled
 Parallel Workers: 8
 Concurrent Workers: 2
 Concurrent Refinement Workers: 8
 Periodic GC: Disabled

Heap:
 garbage-first heap   total reserved 4157440K, committed 81920K, used 70594K [0x0000000702400000, 0x0000000800000000)
  region size 2048K, 21 young (43008K), 2 survivors (4096K)
 Metaspace       used 71904K, committed 72768K, reserved 1114112K
  class space    used 10431K, committed 10816K, reserved 1048576K

Heap Regions: E=young(eden), S=young(survivor), O=old, HS=humongous(starts), HC=humongous(continues), CS=collection set, F=free, TAMS=top-at-mark-start, PB=parsable bottom
|   0|0x0000000702400000, 0x0000000702600000, 0x0000000702600000|100%| O|  |TAMS 0x0000000702400000| PB 0x0000000702400000| Untracked |  0
|   1|0x0000000702600000, 0x0000000702800000, 0x0000000702800000|100%| O|  |TAMS 0x0000000702600000| PB 0x0000000702600000| Untracked |  0
|   2|0x0000000702800000, 0x0000000702a00000, 0x0000000702a00000|100%| O|  |TAMS 0x0000000702800000| PB 0x0000000702800000| Untracked |  0
|   3|0x0000000702a00000, 0x0000000702c00000, 0x0000000702c00000|100%| O|  |TAMS 0x0000000702a00000| PB 0x0000000702a00000| Untracked |  0
|   4|0x0000000702c00000, 0x0000000702e00000, 0x0000000702e00000|100%| O|  |TAMS 0x0000000702c00000| PB 0x0000000702c00000| Untracked |  0
|   5|0x0000000702e00000, 0x0000000703000000, 0x0000000703000000|100%| O|  |TAMS 0x0000000702e00000| PB 0x0000000702e00000| Untracked |  0
|   6|0x0000000703000000, 0x0000000703200000, 0x0000000703200000|100%| O|  |TAMS 0x0000000703000000| PB 0x0000000703000000| Untracked |  0
|   7|0x0000000703200000, 0x0000000703400000, 0x0000000703400000|100%| O|  |TAMS 0x0000000703200000| PB 0x0000000703200000| Untracked |  0
|   8|0x0000000703400000, 0x0000000703600000, 0x0000000703600000|100%| O|  |TAMS 0x0000000703400000| PB 0x0000000703400000| Untracked |  0
|   9|0x0000000703600000, 0x0000000703800000, 0x0000000703800000|100%| O|  |TAMS 0x0000000703600000| PB 0x0000000703600000| Untracked |  0
|  10|0x0000000703800000, 0x0000000703a00000, 0x0000000703a00000|100%| O|CS|TAMS 0x0000000703800000| PB 0x0000000703800000| Complete |  0
|  11|0x0000000703a00000, 0x0000000703c00000, 0x0000000703c00000|100%| O|  |TAMS 0x0000000703a00000| PB 0x0000000703a00000| Untracked |  0
|  12|0x0000000703c00000, 0x0000000703e00000, 0x0000000703e00000|100%| O|  |TAMS 0x0000000703c00000| PB 0x0000000703c00000| Untracked |  0
|  13|0x0000000703e00000, 0x0000000704000000, 0x0000000704000000|100%| O|  |TAMS 0x0000000703e00000| PB 0x0000000703e00000| Untracked |  0
|  14|0x0000000704000000, 0x0000000704200000, 0x0000000704200000|100%| E|CS|TAMS 0x0000000704000000| PB 0x0000000704000000| Complete |  0
|  15|0x0000000704200000, 0x0000000704400000, 0x0000000704400000|100%| E|CS|TAMS 0x0000000704200000| PB 0x0000000704200000| Complete |  0
|  16|0x0000000704400000, 0x0000000704600000, 0x0000000704600000|100%| O|  |TAMS 0x0000000704400000| PB 0x0000000704400000| Untracked |  0
|  17|0x0000000704600000, 0x0000000704800000, 0x0000000704800000|100%| E|CS|TAMS 0x0000000704600000| PB 0x0000000704600000| Complete |  0
|  18|0x0000000704800000, 0x0000000704a00000, 0x0000000704a00000|100%| O|  |TAMS 0x0000000704800000| PB 0x0000000704800000| Untracked |  0
|  19|0x0000000704a00000, 0x0000000704ae4b08, 0x0000000704c00000| 44%| S|  |TAMS 0x0000000704a00000| PB 0x0000000704a00000| Complete |  0
|  20|0x0000000704c00000, 0x0000000704e00000, 0x0000000704e00000|100%| S|  |TAMS 0x0000000704c00000| PB 0x0000000704c00000| Complete |  0
|  21|0x0000000704e00000, 0x0000000705000000, 0x0000000705000000|100%| E|CS|TAMS 0x0000000704e00000| PB 0x0000000704e00000| Complete |  0
|  22|0x0000000705000000, 0x0000000705200000, 0x0000000705200000|100%| E|CS|TAMS 0x0000000705000000| PB 0x0000000705000000| Complete |  0
|  23|0x0000000705200000, 0x0000000705400000, 0x0000000705400000|100%| E|CS|TAMS 0x0000000705200000| PB 0x0000000705200000| Complete |  0
|  24|0x0000000705400000, 0x0000000705600000, 0x0000000705600000|100%| E|CS|TAMS 0x0000000705400000| PB 0x0000000705400000| Complete |  0
|  25|0x0000000705600000, 0x0000000705800000, 0x0000000705800000|100%| E|CS|TAMS 0x0000000705600000| PB 0x0000000705600000| Complete |  0
|  26|0x0000000705800000, 0x0000000705a00000, 0x0000000705a00000|100%| E|CS|TAMS 0x0000000705800000| PB 0x0000000705800000| Complete |  0
|  27|0x0000000705a00000, 0x0000000705c00000, 0x0000000705c00000|100%| E|CS|TAMS 0x0000000705a00000| PB 0x0000000705a00000| Complete |  0
|  28|0x0000000705c00000, 0x0000000705e00000, 0x0000000705e00000|100%| E|CS|TAMS 0x0000000705c00000| PB 0x0000000705c00000| Complete |  0
|  29|0x0000000705e00000, 0x0000000706000000, 0x0000000706000000|100%| E|CS|TAMS 0x0000000705e00000| PB 0x0000000705e00000| Complete |  0
|  30|0x0000000706000000, 0x0000000706200000, 0x0000000706200000|100%| E|CS|TAMS 0x0000000706000000| PB 0x0000000706000000| Complete |  0
|  31|0x0000000706200000, 0x0000000706400000, 0x0000000706400000|100%| E|CS|TAMS 0x0000000706200000| PB 0x0000000706200000| Complete |  0
|  32|0x0000000706400000, 0x0000000706600000, 0x0000000706600000|100%| E|CS|TAMS 0x0000000706400000| PB 0x0000000706400000| Complete |  0
|  33|0x0000000706600000, 0x0000000706800000, 0x0000000706800000|100%| E|CS|TAMS 0x0000000706600000| PB 0x0000000706600000| Complete |  0
|  34|0x0000000706800000, 0x0000000706a00000, 0x0000000706a00000|100%| E|CS|TAMS 0x0000000706800000| PB 0x0000000706800000| Complete |  0
|  35|0x0000000706a00000, 0x0000000706c00000, 0x0000000706c00000|100%| E|CS|TAMS 0x0000000706a00000| PB 0x0000000706a00000| Complete |  0
|  36|0x0000000706c00000, 0x0000000706e00000, 0x0000000706e00000|100%| E|CS|TAMS 0x0000000706c00000| PB 0x0000000706c00000| Complete |  0
|  37|0x0000000706e00000, 0x0000000707000000, 0x0000000707000000|100%| E|CS|TAMS 0x0000000706e00000| PB 0x0000000706e00000| Complete |  0
| 103|0x000000070f200000, 0x000000070f400000, 0x000000070f400000|100%| E|CS|TAMS 0x000000070f200000| PB 0x000000070f200000| Complete |  0
| 126|0x0000000712000000, 0x0000000712200000, 0x0000000712200000|100%| E|CS|TAMS 0x0000000712000000| PB 0x0000000712000000| Complete |  0

Card table byte_map: [0x000001e94fb40000,0x000001e950330000] _byte_map_base: 0x000001e94c32e000

Marking Bits: (CMBitMap*) 0x000001e941f601a0
 Bits: [0x000001e950330000, 0x000001e9542a0000)

Polling page: 0x000001e941fb0000

Metaspace:

Usage:
  Non-class:     60.03 MB used.
      Class:     10.19 MB used.
       Both:     70.22 MB used.

Virtual space:
  Non-class space:       64.00 MB reserved,      60.50 MB ( 95%) committed,  1 nodes.
      Class space:        1.00 GB reserved,      10.56 MB (  1%) committed,  1 nodes.
             Both:        1.06 GB reserved,      71.06 MB (  7%) committed. 

Chunk freelists:
   Non-Class:  3.14 MB
       Class:  5.28 MB
        Both:  8.42 MB

MaxMetaspaceSize: unlimited
CompressedClassSpaceSize: 1.00 GB
Initial GC threshold: 21.00 MB
Current GC threshold: 99.31 MB
CDS: on
 - commit_granule_bytes: 65536.
 - commit_granule_words: 8192.
 - virtual_space_node_default_size: 8388608.
 - enlarge_chunks_in_place: 1.
 - use_allocation_guard: 0.


Internal statistics:

num_allocs_failed_limit: 9.
num_arena_births: 1160.
num_arena_deaths: 0.
num_vsnodes_births: 2.
num_vsnodes_deaths: 0.
num_space_committed: 1137.
num_space_uncommitted: 0.
num_chunks_returned_to_freelist: 9.
num_chunks_taken_from_freelist: 3687.
num_chunk_merges: 9.
num_chunk_splits: 2729.
num_chunks_enlarged: 2145.
num_inconsistent_stats: 0.

CodeCache: size=49152Kb used=10917Kb max_used=12360Kb free=38235Kb
 bounds [0x000001e94bbe0000, 0x000001e94c800000, 0x000001e94ebe0000]
 total_blobs=6812 nmethods=6072 adapters=663
 compilation: enabled
              stopped_count=0, restarted_count=0
 full_count=0

Compilation events (20 events):
Event: 43.985 Thread 0x000001e99c009460 6131       1       org.springframework.util.MimeType::getSubtype (5 bytes)
Event: 43.986 Thread 0x000001e99c009460 nmethod 6131 0x000001e94bf62b10 code [0x000001e94bf62ca0, 0x000001e94bf62d70]
Event: 43.986 Thread 0x000001e99c009460 6132   !   1       java.io.StringReader::read (52 bytes)
Event: 43.986 Thread 0x000001e99c009460 nmethod 6132 0x000001e94bf62190 code [0x000001e94bf62360, 0x000001e94bf62788]
Event: 47.579 Thread 0x000001e99c009460 6133       1       java.util.concurrent.locks.ReentrantReadWriteLock::readLock (5 bytes)
Event: 47.580 Thread 0x000001e99c009460 nmethod 6133 0x000001e94bf61e90 code [0x000001e94bf62020, 0x000001e94bf620f0]
Event: 47.580 Thread 0x000001e99c009460 6134       1       java.util.concurrent.locks.AbstractQueuedSynchronizer::releaseShared (19 bytes)
Event: 47.580 Thread 0x000001e99c009460 nmethod 6134 0x000001e94bf61890 code [0x000001e94bf61a60, 0x000001e94bf61cc8]
Event: 47.580 Thread 0x000001e99c009460 6135       1       java.util.concurrent.locks.ReentrantReadWriteLock$ReadLock::lock (9 bytes)
Event: 47.581 Thread 0x000001e99c009460 nmethod 6135 0x000001e94bf61490 code [0x000001e94bf61640, 0x000001e94bf617a0]
Event: 47.581 Thread 0x000001e99c009460 6136       1       java.util.concurrent.locks.AbstractQueuedSynchronizer::acquireShared (20 bytes)
Event: 47.581 Thread 0x000001e99c009460 nmethod 6136 0x000001e94bf61090 code [0x000001e94bf61240, 0x000001e94bf613a0]
Event: 47.581 Thread 0x000001e99c009460 6137       1       java.util.concurrent.locks.ReentrantReadWriteLock$Sync::tryAcquireShared (177 bytes)
Event: 47.582 Thread 0x000001e99c009460 nmethod 6137 0x000001e94bf60410 code [0x000001e94bf60620, 0x000001e94bf60cd8]
Event: 47.582 Thread 0x000001e99c009460 6138       1       java.util.concurrent.locks.ReentrantReadWriteLock$Sync::sharedCount (5 bytes)
Event: 47.583 Thread 0x000001e99c009460 nmethod 6138 0x000001e94bf60110 code [0x000001e94bf602a0, 0x000001e94bf60350]
Event: 47.583 Thread 0x000001e99c009460 6139       1       java.util.concurrent.locks.ReentrantReadWriteLock$ReadLock::unlock (10 bytes)
Event: 47.583 Thread 0x000001e99c009460 nmethod 6139 0x000001e94bf5fd10 code [0x000001e94bf5fec0, 0x000001e94bf60030]
Event: 47.610 Thread 0x000001e99c009460 6140       1       java.util.concurrent.locks.LockSupport::setBlocker (12 bytes)
Event: 47.611 Thread 0x000001e99c009460 nmethod 6140 0x000001e94bf5fa10 code [0x000001e94bf5fba0, 0x000001e94bf5fca8]

GC Heap History (20 events):
Event: 6.431 GC heap after
{Heap after GC invocations=3 (full 0):
 garbage-first heap   total reserved 4157440K, committed 260096K, used 15027K [0x0000000702400000, 0x0000000800000000)
  region size 2048K, 3 young (6144K), 3 survivors (6144K)
 Metaspace       used 21215K, committed 21504K, reserved 1114112K
  class space    used 2871K, committed 3008K, reserved 1048576K
}
Event: 6.662 GC heap before
{Heap before GC invocations=4 (full 0):
 garbage-first heap   total reserved 4157440K, committed 55296K, used 43699K [0x0000000702400000, 0x0000000800000000)
  region size 2048K, 17 young (34816K), 3 survivors (6144K)
 Metaspace       used 23934K, committed 24384K, reserved 1114112K
  class space    used 3303K, committed 3520K, reserved 1048576K
}
Event: 6.667 GC heap after
{Heap after GC invocations=5 (full 0):
 garbage-first heap   total reserved 4157440K, committed 55296K, used 15416K [0x0000000702400000, 0x0000000800000000)
  region size 2048K, 2 young (4096K), 2 survivors (4096K)
 Metaspace       used 23934K, committed 24384K, reserved 1114112K
  class space    used 3303K, committed 3520K, reserved 1048576K
}
Event: 6.961 GC heap before
{Heap before GC invocations=5 (full 0):
 garbage-first heap   total reserved 4157440K, committed 55296K, used 37944K [0x0000000702400000, 0x0000000800000000)
  region size 2048K, 14 young (28672K), 2 survivors (4096K)
 Metaspace       used 26739K, committed 27136K, reserved 1114112K
  class space    used 3677K, committed 3904K, reserved 1048576K
}
Event: 6.964 GC heap after
{Heap after GC invocations=6 (full 0):
 garbage-first heap   total reserved 4157440K, committed 55296K, used 17026K [0x0000000702400000, 0x0000000800000000)
  region size 2048K, 1 young (2048K), 1 survivors (2048K)
 Metaspace       used 26739K, committed 27136K, reserved 1114112K
  class space    used 3677K, committed 3904K, reserved 1048576K
}
Event: 7.317 GC heap before
{Heap before GC invocations=6 (full 0):
 garbage-first heap   total reserved 4157440K, committed 55296K, used 43650K [0x0000000702400000, 0x0000000800000000)
  region size 2048K, 14 young (28672K), 1 survivors (2048K)
 Metaspace       used 30505K, committed 31040K, reserved 1114112K
  class space    used 4275K, committed 4480K, reserved 1048576K
}
Event: 7.320 GC heap after
{Heap after GC invocations=7 (full 0):
 garbage-first heap   total reserved 4157440K, committed 55296K, used 19540K [0x0000000702400000, 0x0000000800000000)
  region size 2048K, 2 young (4096K), 2 survivors (4096K)
 Metaspace       used 30505K, committed 31040K, reserved 1114112K
  class space    used 4275K, committed 4480K, reserved 1048576K
}
Event: 7.581 GC heap before
{Heap before GC invocations=7 (full 0):
 garbage-first heap   total reserved 4157440K, committed 55296K, used 44116K [0x0000000702400000, 0x0000000800000000)
  region size 2048K, 14 young (28672K), 2 survivors (4096K)
 Metaspace       used 33409K, committed 34048K, reserved 1114112K
  class space    used 4690K, committed 4992K, reserved 1048576K
}
Event: 7.585 GC heap after
{Heap after GC invocations=8 (full 0):
 garbage-first heap   total reserved 4157440K, committed 55296K, used 21584K [0x0000000702400000, 0x0000000800000000)
  region size 2048K, 1 young (2048K), 1 survivors (2048K)
 Metaspace       used 33409K, committed 34048K, reserved 1114112K
  class space    used 4690K, committed 4992K, reserved 1048576K
}
Event: 7.735 GC heap before
{Heap before GC invocations=8 (full 0):
 garbage-first heap   total reserved 4157440K, committed 55296K, used 27728K [0x0000000702400000, 0x0000000800000000)
  region size 2048K, 6 young (12288K), 1 survivors (2048K)
 Metaspace       used 35647K, committed 36288K, reserved 1114112K
  class space    used 5005K, committed 5312K, reserved 1048576K
}
Event: 7.739 GC heap after
{Heap after GC invocations=9 (full 0):
 garbage-first heap   total reserved 4157440K, committed 157696K, used 21987K [0x0000000702400000, 0x0000000800000000)
  region size 2048K, 2 young (4096K), 2 survivors (4096K)
 Metaspace       used 35647K, committed 36288K, reserved 1114112K
  class space    used 5005K, committed 5312K, reserved 1048576K
}
Event: 8.427 GC heap before
{Heap before GC invocations=10 (full 0):
 garbage-first heap   total reserved 4157440K, committed 81920K, used 67043K [0x0000000702400000, 0x0000000800000000)
  region size 2048K, 24 young (49152K), 2 survivors (4096K)
 Metaspace       used 47483K, committed 48064K, reserved 1114112K
  class space    used 6712K, committed 6976K, reserved 1048576K
}
Event: 8.431 GC heap after
{Heap after GC invocations=11 (full 0):
 garbage-first heap   total reserved 4157440K, committed 81920K, used 25318K [0x0000000702400000, 0x0000000800000000)
  region size 2048K, 3 young (6144K), 3 survivors (6144K)
 Metaspace       used 47483K, committed 48064K, reserved 1114112K
  class space    used 6712K, committed 6976K, reserved 1048576K
}
Event: 9.069 GC heap before
{Heap before GC invocations=11 (full 0):
 garbage-first heap   total reserved 4157440K, committed 81920K, used 68326K [0x0000000702400000, 0x0000000800000000)
  region size 2048K, 24 young (49152K), 3 survivors (6144K)
 Metaspace       used 58952K, committed 59584K, reserved 1114112K
  class space    used 8504K, committed 8768K, reserved 1048576K
}
Event: 9.075 GC heap after
{Heap after GC invocations=12 (full 0):
 garbage-first heap   total reserved 4157440K, committed 81920K, used 27614K [0x0000000702400000, 0x0000000800000000)
  region size 2048K, 2 young (4096K), 2 survivors (4096K)
 Metaspace       used 58952K, committed 59584K, reserved 1114112K
  class space    used 8504K, committed 8768K, reserved 1048576K
}
Event: 9.133 GC heap before
{Heap before GC invocations=12 (full 0):
 garbage-first heap   total reserved 4157440K, committed 81920K, used 31710K [0x0000000702400000, 0x0000000800000000)
  region size 2048K, 5 young (10240K), 2 survivors (4096K)
 Metaspace       used 60131K, committed 60800K, reserved 1114112K
  class space    used 8624K, committed 8960K, reserved 1048576K
}
Event: 9.135 GC heap after
{Heap after GC invocations=13 (full 0):
 garbage-first heap   total reserved 4157440K, committed 81920K, used 27932K [0x0000000702400000, 0x0000000800000000)
  region size 2048K, 2 young (4096K), 2 survivors (4096K)
 Metaspace       used 60131K, committed 60800K, reserved 1114112K
  class space    used 8624K, committed 8960K, reserved 1048576K
}
Event: 9.597 GC heap before
{Heap before GC invocations=14 (full 0):
 garbage-first heap   total reserved 4157440K, committed 81920K, used 68892K [0x0000000702400000, 0x0000000800000000)
  region size 2048K, 22 young (45056K), 2 survivors (4096K)
 Metaspace       used 65179K, committed 65920K, reserved 1114112K
  class space    used 9454K, committed 9792K, reserved 1048576K
}
Event: 9.602 GC heap after
{Heap after GC invocations=15 (full 0):
 garbage-first heap   total reserved 4157440K, committed 81920K, used 31682K [0x0000000702400000, 0x0000000800000000)
  region size 2048K, 3 young (6144K), 3 survivors (6144K)
 Metaspace       used 65179K, committed 65920K, reserved 1114112K
  class space    used 9454K, committed 9792K, reserved 1048576K
}
Event: 52.986 GC heap before
{Heap before GC invocations=15 (full 0):
 garbage-first heap   total reserved 4157440K, committed 81920K, used 70594K [0x0000000702400000, 0x0000000800000000)
  region size 2048K, 22 young (45056K), 3 survivors (6144K)
 Metaspace       used 71904K, committed 72768K, reserved 1114112K
  class space    used 10431K, committed 10816K, reserved 1048576K
}

Dll operation events (13 events):
Event: 0.010 Loaded shared library C:\Users\danie\.jdks\openjdk-22.0.1\bin\java.dll
Event: 0.097 Loaded shared library C:\Users\danie\.jdks\openjdk-22.0.1\bin\zip.dll
Event: 0.099 Loaded shared library C:\Users\danie\.jdks\openjdk-22.0.1\bin\instrument.dll
Event: 0.102 Loaded shared library C:\Users\danie\.jdks\openjdk-22.0.1\bin\net.dll
Event: 0.103 Loaded shared library C:\Users\danie\.jdks\openjdk-22.0.1\bin\nio.dll
Event: 0.105 Loaded shared library C:\Users\danie\.jdks\openjdk-22.0.1\bin\zip.dll
Event: 0.156 Loaded shared library C:\Program Files\JetBrains\IntelliJ IDEA 2023.3.5\bin\breakgen64.dll
Event: 0.159 Loaded shared library C:\Users\danie\.jdks\openjdk-22.0.1\bin\jimage.dll
Event: 0.161 Loaded shared library C:\Users\danie\.jdks\openjdk-22.0.1\bin\extnet.dll
Event: 0.173 Loaded shared library C:\Users\danie\.jdks\openjdk-22.0.1\bin\management.dll
Event: 0.178 Loaded shared library C:\Users\danie\.jdks\openjdk-22.0.1\bin\management_ext.dll
Event: 6.551 Loaded shared library C:\Users\danie\.jdks\openjdk-22.0.1\bin\sunmscapi.dll
Event: 7.832 Loaded shared library C:\Users\danie\.jdks\openjdk-22.0.1\bin\verify.dll

Deoptimization events (6 events):
Event: 9.169 Thread 0x000001e99cb7a4c0 DEOPT PACKING pc=0x000001e94bd2043c sp=0x000000b2bc9fcd20
Event: 9.169 Thread 0x000001e99cb7a4c0 DEOPT UNPACKING pc=0x000001e94bc34e42 sp=0x000000b2bc9fc278 mode 0
Event: 9.306 Thread 0x000001e99cb7a4c0 DEOPT PACKING pc=0x000001e94bd4a169 sp=0x000000b2bc9fb600
Event: 9.306 Thread 0x000001e99cb7a4c0 DEOPT UNPACKING pc=0x000001e94bc34e42 sp=0x000000b2bc9fab08 mode 3
Event: 34.017 Thread 0x000001e99d3a4230 DEOPT PACKING pc=0x000001e94c7e50bc sp=0x000000b2bbffece0
Event: 34.017 Thread 0x000001e99d3a4230 DEOPT UNPACKING pc=0x000001e94bc34e42 sp=0x000000b2bbffe178 mode 0

Classes loaded (20 events):
Event: 16.782 Loading class java/time/format/DateTimeFormatterBuilder$ZoneTextPrinterParser
Event: 16.782 Loading class java/time/format/DateTimeFormatterBuilder$ZoneTextPrinterParser done
Event: 16.782 Loading class java/time/format/DateTimeFormatterBuilder$ReducedPrinterParser
Event: 16.782 Loading class java/time/format/DateTimeFormatterBuilder$ReducedPrinterParser done
Event: 16.967 Loading class java/util/stream/LongStream
Event: 16.967 Loading class java/util/stream/LongStream done
Event: 16.967 Loading class java/util/stream/DoubleStream
Event: 16.968 Loading class java/util/stream/DoubleStream done
Event: 16.980 Loading class org/w3c/dom/Node
Event: 16.980 Loading class org/w3c/dom/Node done
Event: 16.980 Loading class org/w3c/dom/Document
Event: 16.981 Loading class org/w3c/dom/Document done
Event: 43.876 Loading class java/io/PushbackInputStream
Event: 43.876 Loading class java/io/PushbackInputStream done
Event: 43.911 Loading class java/text/ParsePosition
Event: 43.911 Loading class java/text/ParsePosition done
Event: 43.911 Loading class java/time/format/DateTimeParseContext
Event: 43.912 Loading class java/time/format/DateTimeParseContext done
Event: 43.912 Loading class java/time/format/Parsed
Event: 43.912 Loading class java/time/format/Parsed done

Classes unloaded (0 events):
No events

Classes redefined (0 events):
No events

Internal exceptions (20 events):
Event: 9.077 Thread 0x000001e99cb7a4c0 Exception <a 'java/lang/IncompatibleClassChangeError'{0x000000071201f100}: Found class java.lang.Object, but interface was expected> (0x000000071201f100) 
thrown [s\open\src\hotspot\share\interpreter\linkResolver.cpp, line 841]
Event: 9.083 Thread 0x000001e99cb7a4c0 Exception <a 'java/lang/IncompatibleClassChangeError'{0x000000071208de38}: Found class java.lang.Object, but interface was expected> (0x000000071208de38) 
thrown [s\open\src\hotspot\share\interpreter\linkResolver.cpp, line 841]
Event: 9.107 Thread 0x000001e99cb7a4c0 Exception <a 'java/lang/IncompatibleClassChangeError'{0x000000070f21e080}: Found class java.lang.Object, but interface was expected> (0x000000070f21e080) 
thrown [s\open\src\hotspot\share\interpreter\linkResolver.cpp, line 841]
Event: 9.196 Thread 0x000001e99cb7a4c0 Exception <a 'java/lang/IncompatibleClassChangeError'{0x0000000706e16bc0}: Found class java.lang.Object, but interface was expected> (0x0000000706e16bc0) 
thrown [s\open\src\hotspot\share\interpreter\linkResolver.cpp, line 841]
Event: 9.249 Thread 0x000001e99cb7a4c0 Exception <a 'java/lang/IncompatibleClassChangeError'{0x00000007069f53c8}: Found class java.lang.Object, but interface was expected> (0x00000007069f53c8) 
thrown [s\open\src\hotspot\share\interpreter\linkResolver.cpp, line 841]
Event: 9.277 Thread 0x000001e99cb7a4c0 Exception <a 'java/lang/NoSuchMethodError'{0x00000007067b5cd0}: 'java.lang.Object java.lang.invoke.DirectMethodHandle$Holder.invokeStatic(java.lang.Object, int, java.lang.Object)'> (0x00000007067b5cd0) 
thrown [s\open\src\hotspot\share\interpreter\linkResolver.cpp, line 774]
Event: 9.355 Thread 0x000001e99cb7a4c0 Exception <a 'java/lang/NoSuchMethodError'{0x0000000705a9c1d8}: 'java.lang.Object java.lang.invoke.DirectMethodHandle$Holder.invokeVirtual(java.lang.Object, java.lang.Object, java.lang.Object, java.lang.Object, java.lang.Object, java.lang.Object, java.lang.Object)'> (0x0000000705a9c1d8) 
thrown [s\open\src\hotspot\share\interpreter\linkResolver.cpp, line 774]
Event: 9.434 Thread 0x000001e99cb7a4c0 Exception <a 'java/lang/IncompatibleClassChangeError'{0x000000070555c798}: Found class java.lang.Object, but interface was expected> (0x000000070555c798) 
thrown [s\open\src\hotspot\share\interpreter\linkResolver.cpp, line 841]
Event: 9.445 Thread 0x000001e99cb7a4c0 Exception <a 'java/lang/NoSuchMethodError'{0x0000000705248af8}: 'java.lang.Object java.lang.invoke.DirectMethodHandle$Holder.invokeInterface(java.lang.Object, java.lang.Object, java.lang.Object, java.lang.Object)'> (0x0000000705248af8) 
thrown [s\open\src\hotspot\share\interpreter\linkResolver.cpp, line 774]
Event: 9.538 Thread 0x000001e99cb7a4c0 Exception <a 'java/lang/NoSuchMethodError'{0x0000000704dad6c0}: 'java.lang.Object java.lang.invoke.DirectMethodHandle$Holder.invokeVirtual(java.lang.Object, java.lang.Object, java.lang.Object, java.lang.Object, java.lang.Object, java.lang.Object, java.lang.Object, java.lang.Object, java.lang.Object)'> (0x0000000704dad6c0) 
thrown [s\open\src\hotspot\share\interpreter\linkResolver.cpp, line 774]
Event: 9.562 Thread 0x000001e99cb7a4c0 Exception <a 'java/lang/NoSuchMethodError'{0x0000000704b54e80}: 'java.lang.Object java.lang.invoke.DirectMethodHandle$Holder.invokeVirtual(java.lang.Object, java.lang.Object, java.lang.Object, java.lang.Object, java.lang.Object, java.lang.Object, java.lang.Object, java.lang.Object, java.lang.Object, java.lang.Object)'> (0x0000000704b54e80) 
thrown [s\open\src\hotspot\share\interpreter\linkResolver.cpp, line 774]
Event: 9.606 Thread 0x000001e99cb7a4c0 Exception <a 'java/lang/IncompatibleClassChangeError'{0x0000000712038c40}: Found class java.lang.Object, but interface was expected> (0x0000000712038c40) 
thrown [s\open\src\hotspot\share\interpreter\linkResolver.cpp, line 841]
Event: 9.732 Thread 0x000001e99cb7a4c0 Exception <a 'java/lang/NoSuchMethodError'{0x00000007069021a8}: 'void java.lang.invoke.DirectMethodHandle$Holder.invokeVirtual(java.lang.Object, java.lang.Object, long)'> (0x00000007069021a8) 
thrown [s\open\src\hotspot\share\interpreter\linkResolver.cpp, line 774]
Event: 9.735 Thread 0x000001e99cb7a4c0 Exception <a 'java/lang/NoSuchMethodError'{0x0000000706955fc8}: 'java.lang.Object java.lang.invoke.DirectMethodHandle$Holder.newInvokeSpecial(java.lang.Object, java.lang.Object, int, java.lang.Object, java.lang.Object)'> (0x0000000706955fc8) 
thrown [s\open\src\hotspot\share\interpreter\linkResolver.cpp, line 774]
Event: 10.131 Thread 0x000001e99d3a4230 Exception <a 'java/lang/NoSuchMethodError'{0x00000007064f9e78}: 'java.lang.Object java.lang.invoke.DirectMethodHandle$Holder.invokeInterface(java.lang.Object, java.lang.Object, java.lang.Object, java.lang.Object, java.lang.Object, java.lang.Object, java.lang.Object)'> (0x00000007064f9e78) 
thrown [s\open\src\hotspot\share\interpreter\linkResolver.cpp, line 774]
Event: 16.634 Thread 0x000001e99f64ec20 Exception <a 'java/lang/NoSuchMethodError'{0x0000000706382b98}: 'java.lang.Object java.lang.invoke.DirectMethodHandle$Holder.invokeSpecial(java.lang.Object, java.lang.Object, java.lang.Object, java.lang.Object, java.lang.Object, long)'> (0x0000000706382b98) 
thrown [s\open\src\hotspot\share\interpreter\linkResolver.cpp, line 774]
Event: 16.634 Thread 0x000001e99f64ec20 Exception <a 'java/lang/NoSuchMethodError'{0x0000000706386368}: 'java.lang.Object java.lang.invoke.Invokers$Holder.linkToTargetMethod(java.lang.Object, java.lang.Object, java.lang.Object, long, java.lang.Object)'> (0x0000000706386368) 
thrown [s\open\src\hotspot\share\interpreter\linkResolver.cpp, line 774]
Event: 16.880 Thread 0x000001e99f64ec20 Exception <a 'java/lang/IncompatibleClassChangeError'{0x0000000705a54a50}: Found class java.lang.Object, but interface was expected> (0x0000000705a54a50) 
thrown [s\open\src\hotspot\share\interpreter\linkResolver.cpp, line 841]
Event: 16.963 Thread 0x000001e99f64ec20 Exception <a 'java/lang/NoSuchMethodError'{0x0000000705678810}: method resolution failed> (0x0000000705678810) 
thrown [s\open\src\hotspot\share\prims\methodHandles.cpp, line 1146]
Event: 43.944 Thread 0x000001e99f651380 Exception <a 'java/lang/NoSuchMethodError'{0x00000007051f22c0}: 'int java.lang.invoke.DirectMethodHandle$Holder.invokeStatic(java.lang.Object, java.lang.Object, int, int)'> (0x00000007051f22c0) 
thrown [s\open\src\hotspot\share\interpreter\linkResolver.cpp, line 774]

ZGC Phase Switch (0 events):
No events

VM Operations (20 events):
Event: 16.685 Executing VM operation: HandshakeAllThreads (Deoptimize) done
Event: 16.685 Executing VM operation: Cleanup
Event: 16.685 Executing VM operation: Cleanup done
Event: 16.943 Executing VM operation: HandshakeAllThreads (Deoptimize)
Event: 16.943 Executing VM operation: HandshakeAllThreads (Deoptimize) done
Event: 16.971 Executing VM operation: HandshakeAllThreads (Deoptimize)
Event: 16.971 Executing VM operation: HandshakeAllThreads (Deoptimize) done
Event: 17.973 Executing VM operation: Cleanup
Event: 17.973 Executing VM operation: Cleanup done
Event: 26.046 Executing VM operation: Cleanup
Event: 26.046 Executing VM operation: Cleanup done
Event: 43.199 Executing VM operation: Cleanup
Event: 43.199 Executing VM operation: Cleanup done
Event: 43.917 Executing VM operation: HandshakeAllThreads (Deoptimize)
Event: 43.917 Executing VM operation: HandshakeAllThreads (Deoptimize) done
Event: 43.926 Executing VM operation: HandshakeAllThreads (Deoptimize)
Event: 43.926 Executing VM operation: HandshakeAllThreads (Deoptimize) done
Event: 44.935 Executing VM operation: Cleanup
Event: 44.936 Executing VM operation: Cleanup done
Event: 52.986 Executing VM operation: G1CollectForAllocation (G1 Evacuation Pause)

Events (20 events):
Event: 9.740 Thread 0x000001e99f652dc0 Thread added: 0x000001e99f652dc0
Event: 9.740 Thread 0x000001e99f651a10 Thread added: 0x000001e99f651a10
Event: 9.740 Thread 0x000001e99f652730 Thread added: 0x000001e99f652730
Event: 9.740 Thread 0x000001e99f64f940 Thread added: 0x000001e99f64f940
Event: 9.748 Thread 0x000001e99f64ffd0 Thread added: 0x000001e99f64ffd0
Event: 9.749 Thread 0x000001e99f653450 Thread added: 0x000001e99f653450
Event: 9.760 Thread 0x000001e99cb7a4c0 Thread exited: 0x000001e99cb7a4c0
Event: 9.761 Thread 0x000001e99cb79640 Thread exited: 0x000001e99cb79640
Event: 9.761 Thread 0x000001e941c0efd0 Thread exited: 0x000001e941c0efd0
Event: 9.761 Thread 0x000001e99f653ae0 Thread added: 0x000001e99f653ae0
Event: 10.113 Thread 0x000001e99f650660 Thread added: 0x000001e99f650660
Event: 10.124 Thread 0x000001e99f650660 Thread exited: 0x000001e99f650660
Event: 10.125 Thread 0x000001e99f650660 Thread added: 0x000001e99f650660
Event: 10.137 Thread 0x000001e99f650660 Thread exited: 0x000001e99f650660
Event: 10.141 Thread 0x000001e99f650660 Thread added: 0x000001e99f650660
Event: 10.153 Thread 0x000001e99f650660 Thread exited: 0x000001e99f650660
Event: 10.766 Thread 0x000001e99d698c80 Thread exited: 0x000001e99d698c80
Event: 11.395 Thread 0x000001e99d4b0ec0 Thread exited: 0x000001e99d4b0ec0
Event: 11.395 Thread 0x000001e99c8500d0 Thread exited: 0x000001e99c8500d0
Event: 13.690 Thread 0x000001e99e08c140 Thread exited: 0x000001e99e08c140


Dynamic libraries:
0x00007ff777dd0000 - 0x00007ff777dde000 	C:\Users\danie\.jdks\openjdk-22.0.1\bin\java.exe
0x00007ffe40260000 - 0x00007ffe404c3000 	C:\WINDOWS\SYSTEM32\ntdll.dll
0x00007ffe3ee30000 - 0x00007ffe3eef7000 	C:\WINDOWS\System32\KERNEL32.DLL
0x00007ffe3d800000 - 0x00007ffe3dbc7000 	C:\WINDOWS\System32\KERNELBASE.dll
0x00007ffe3d600000 - 0x00007ffe3d74c000 	C:\WINDOWS\System32\ucrtbase.dll
0x00007ffe1e0f0000 - 0x00007ffe1e107000 	C:\Users\danie\.jdks\openjdk-22.0.1\bin\jli.dll
0x00007ffe2e2c0000 - 0x00007ffe2e2db000 	C:\Users\danie\.jdks\openjdk-22.0.1\bin\VCRUNTIME140.dll
0x00007ffe3f870000 - 0x00007ffe3fa39000 	C:\WINDOWS\System32\USER32.dll
0x00007ffe1fb30000 - 0x00007ffe1fdc0000 	C:\WINDOWS\WinSxS\amd64_microsoft.windows.common-controls_6595b64144ccf1df_6.0.26100.3037_none_3e09262ce333c378\COMCTL32.dll
0x00007ffe3d5d0000 - 0x00007ffe3d5f7000 	C:\WINDOWS\System32\win32u.dll
0x00007ffe40140000 - 0x00007ffe401e9000 	C:\WINDOWS\System32\msvcrt.dll
0x00007ffe3ef00000 - 0x00007ffe3ef2a000 	C:\WINDOWS\System32\GDI32.dll
0x00007ffe3de10000 - 0x00007ffe3df3b000 	C:\WINDOWS\System32\gdi32full.dll
0x00007ffe3d750000 - 0x00007ffe3d7f3000 	C:\WINDOWS\System32\msvcp_win.dll
0x00007ffe3e0f0000 - 0x00007ffe3e11f000 	C:\WINDOWS\System32\IMM32.DLL
0x00007ffe31e10000 - 0x00007ffe31e1c000 	C:\Users\danie\.jdks\openjdk-22.0.1\bin\vcruntime140_1.dll
0x00007ffe10280000 - 0x00007ffe1030e000 	C:\Users\danie\.jdks\openjdk-22.0.1\bin\msvcp140.dll
0x00007ffdcb850000 - 0x00007ffdcc597000 	C:\Users\danie\.jdks\openjdk-22.0.1\bin\server\jvm.dll
0x00007ffe3ea60000 - 0x00007ffe3eb14000 	C:\WINDOWS\System32\ADVAPI32.dll
0x00007ffe3e210000 - 0x00007ffe3e2b6000 	C:\WINDOWS\System32\sechost.dll
0x00007ffe3eb20000 - 0x00007ffe3ec36000 	C:\WINDOWS\System32\RPCRT4.dll
0x00007ffe3e070000 - 0x00007ffe3e0e4000 	C:\WINDOWS\System32\WS2_32.dll
0x00007ffe3c5d0000 - 0x00007ffe3c61e000 	C:\WINDOWS\SYSTEM32\POWRPROF.dll
0x00007ffe2df10000 - 0x00007ffe2df46000 	C:\WINDOWS\SYSTEM32\WINMM.dll
0x00007ffe35d10000 - 0x00007ffe35d1b000 	C:\WINDOWS\SYSTEM32\VERSION.dll
0x00007ffe3c570000 - 0x00007ffe3c584000 	C:\WINDOWS\SYSTEM32\UMPDC.dll
0x00007ffe3c430000 - 0x00007ffe3c44a000 	C:\WINDOWS\SYSTEM32\kernel.appcore.dll
0x00007ffe2f950000 - 0x00007ffe2f95a000 	C:\Users\danie\.jdks\openjdk-22.0.1\bin\jimage.dll
0x00007ffe2a770000 - 0x00007ffe2a9b1000 	C:\WINDOWS\SYSTEM32\DBGHELP.DLL
0x00007ffe3fb40000 - 0x00007ffe3febe000 	C:\WINDOWS\System32\combase.dll
0x00007ffe3e130000 - 0x00007ffe3e206000 	C:\WINDOWS\System32\OLEAUT32.dll
0x00007ffe22f90000 - 0x00007ffe22fc9000 	C:\WINDOWS\SYSTEM32\dbgcore.DLL
0x00007ffe3dfd0000 - 0x00007ffe3e069000 	C:\WINDOWS\System32\bcryptPrimitives.dll
0x00007ffe39e50000 - 0x00007ffe39e5f000 	C:\Users\danie\.jdks\openjdk-22.0.1\bin\instrument.dll
0x00007ffe1ca20000 - 0x00007ffe1ca3e000 	C:\Users\danie\.jdks\openjdk-22.0.1\bin\java.dll
0x00007ffe3e2f0000 - 0x00007ffe3e9f4000 	C:\WINDOWS\System32\SHELL32.dll
0x00007ffe3f030000 - 0x00007ffe3f1c5000 	C:\WINDOWS\System32\ole32.dll
0x00007ffe3b2b0000 - 0x00007ffe3bae7000 	C:\WINDOWS\SYSTEM32\windows.storage.dll
0x00007ffe3fa50000 - 0x00007ffe3fb39000 	C:\WINDOWS\System32\SHCORE.dll
0x00007ffe400e0000 - 0x00007ffe4013d000 	C:\WINDOWS\System32\shlwapi.dll
0x00007ffe3d4e0000 - 0x00007ffe3d50e000 	C:\WINDOWS\SYSTEM32\profapi.dll
0x00007ffe185b0000 - 0x00007ffe185c7000 	C:\Users\danie\.jdks\openjdk-22.0.1\bin\zip.dll
0x00007ffe27250000 - 0x00007ffe27260000 	C:\Users\danie\.jdks\openjdk-22.0.1\bin\net.dll
0x00007ffe3c9c0000 - 0x00007ffe3ca2a000 	C:\WINDOWS\system32\mswsock.dll
0x00007ffe19d30000 - 0x00007ffe19d46000 	C:\Users\danie\.jdks\openjdk-22.0.1\bin\nio.dll
0x00007ffe340a0000 - 0x00007ffe340ba000 	C:\Program Files\JetBrains\IntelliJ IDEA 2023.3.5\bin\breakgen64.dll
0x00007ffe33430000 - 0x00007ffe33439000 	C:\Users\danie\.jdks\openjdk-22.0.1\bin\extnet.dll
0x00007ffe3be70000 - 0x00007ffe3bf95000 	C:\WINDOWS\SYSTEM32\DNSAPI.dll
0x00007ffe3bde0000 - 0x00007ffe3be12000 	C:\WINDOWS\SYSTEM32\IPHLPAPI.DLL
0x00007ffe3ffa0000 - 0x00007ffe3ffaa000 	C:\WINDOWS\System32\NSI.dll
0x00007ffe2d0a0000 - 0x00007ffe2d0ab000 	C:\Windows\System32\rasadhlp.dll
0x00007ffe37360000 - 0x00007ffe373e5000 	C:\WINDOWS\System32\fwpuclnt.dll
0x00007ffe371e0000 - 0x00007ffe371ea000 	C:\Users\danie\.jdks\openjdk-22.0.1\bin\management.dll
0x00007ffe37140000 - 0x00007ffe3714b000 	C:\Users\danie\.jdks\openjdk-22.0.1\bin\management_ext.dll
0x00007ffe3f840000 - 0x00007ffe3f848000 	C:\WINDOWS\System32\PSAPI.DLL
0x00007ffe3cd70000 - 0x00007ffe3cd8c000 	C:\WINDOWS\SYSTEM32\CRYPTSP.dll
0x00007ffe3c390000 - 0x00007ffe3c3c8000 	C:\WINDOWS\system32\rsaenh.dll
0x00007ffe3ca60000 - 0x00007ffe3ca8b000 	C:\WINDOWS\SYSTEM32\USERENV.dll
0x00007ffe3cf00000 - 0x00007ffe3cf26000 	C:\WINDOWS\SYSTEM32\bcrypt.dll
0x00007ffe3cbf0000 - 0x00007ffe3cbfc000 	C:\WINDOWS\SYSTEM32\CRYPTBASE.dll
0x00007ffe15e90000 - 0x00007ffe15ea8000 	C:\WINDOWS\system32\napinsp.dll
0x00007ffe15da0000 - 0x00007ffe15db2000 	C:\WINDOWS\System32\winrnr.dll
0x00007ffe15d70000 - 0x00007ffe15d92000 	C:\WINDOWS\system32\nlansp_c.dll
0x00007ffe15d50000 - 0x00007ffe15d66000 	C:\WINDOWS\system32\wshbth.dll
0x00007ffe36f40000 - 0x00007ffe36f4e000 	C:\Users\danie\.jdks\openjdk-22.0.1\bin\sunmscapi.dll
0x00007ffe3dbd0000 - 0x00007ffe3dd46000 	C:\WINDOWS\System32\CRYPT32.dll
0x00007ffe3cec0000 - 0x00007ffe3cef0000 	C:\WINDOWS\SYSTEM32\ncrypt.dll
0x00007ffe3ce70000 - 0x00007ffe3ceaf000 	C:\WINDOWS\SYSTEM32\NTASN1.dll
0x00007ffe33400000 - 0x00007ffe33410000 	C:\Users\danie\.jdks\openjdk-22.0.1\bin\verify.dll
0x00007ffe2fff0000 - 0x00007ffe2fff8000 	C:\WINDOWS\system32\wshunix.dll

dbghelp: loaded successfully - version: 4.0.5 - missing functions: none
symbol engine: initialized successfully - sym options: 0x614 - pdb path: .;C:\Users\danie\.jdks\openjdk-22.0.1\bin;C:\WINDOWS\SYSTEM32;C:\WINDOWS\WinSxS\amd64_microsoft.windows.common-controls_6595b64144ccf1df_6.0.26100.3037_none_3e09262ce333c378;C:\Users\danie\.jdks\openjdk-22.0.1\bin\server;C:\Program Files\JetBrains\IntelliJ IDEA 2023.3.5\bin

VM Arguments:
jvm_args: -XX:TieredStopAtLevel=1 -Dspring.output.ansi.enabled=always -Dcom.sun.management.jmxremote -Dspring.jmx.enabled=true -Dspring.liveBeansView.mbeanDomain -Dspring.application.admin.enabled=true -Dmanagement.endpoints.jmx.exposure.include=* -javaagent:C:\Program Files\JetBrains\IntelliJ IDEA 2023.3.5\lib\idea_rt.jar=52973:C:\Program Files\JetBrains\IntelliJ IDEA 2023.3.5\bin -Dfile.encoding=UTF-8 -Dsun.stdout.encoding=UTF-8 -Dsun.stderr.encoding=UTF-8 
java_command: Finanzas05.Finanzas.FinanzasApplication
java_class_path (initial): C:\Users\danie\Downloads\Finanzas\Finanzas\target\classes;C:\Users\danie\.m2\repository\org\springframework\boot\spring-boot-starter-data-jpa\3.3.8\spring-boot-starter-data-jpa-3.3.8.jar;C:\Users\danie\.m2\repository\org\springframework\boot\spring-boot-starter-aop\3.3.8\spring-boot-starter-aop-3.3.8.jar;C:\Users\danie\.m2\repository\org\springframework\spring-aop\6.1.16\spring-aop-6.1.16.jar;C:\Users\danie\.m2\repository\org\aspectj\aspectjweaver\1.9.22.1\aspectjweaver-1.9.22.1.jar;C:\Users\danie\.m2\repository\org\springframework\boot\spring-boot-starter-jdbc\3.3.8\spring-boot-starter-jdbc-3.3.8.jar;C:\Users\danie\.m2\repository\com\zaxxer\HikariCP\5.1.0\HikariCP-5.1.0.jar;C:\Users\danie\.m2\repository\org\springframework\spring-jdbc\6.1.16\spring-jdbc-6.1.16.jar;C:\Users\danie\.m2\repository\org\hibernate\orm\hibernate-core\6.5.3.Final\hibernate-core-6.5.3.Final.jar;C:\Users\danie\.m2\repository\jakarta\persistence\jakarta.persistence-api\3.1.0\jakarta.persistence-api-3.1.0.jar;C:\Users\danie\.m2\repository\jakarta\transaction\jakarta.transaction-api\2.0.1\jakarta.transaction-api-2.0.1.jar;C:\Users\danie\.m2\repository\org\jboss\logging\jboss-logging\3.5.3.Final\jboss-logging-3.5.3.Final.jar;C:\Users\danie\.m2\repository\org\hibernate\common\hibernate-commons-annotations\6.0.6.Final\hibernate-commons-annotations-6.0.6.Final.jar;C:\Users\danie\.m2\repository\io\smallrye\jandex\3.1.2\jandex-3.1.2.jar;C:\Users\danie\.m2\repository\com\fasterxml\classmate\1.7.0\classmate-1.7.0.jar;C:\Users\danie\.m2\repository\net\bytebuddy\byte-buddy\1.14.19\byte-buddy-1.14.19.jar;C:\Users\danie\.m2\repository\org\glassfish\jaxb\jaxb-runtime\4.0.5\jaxb-runtime-4.0.5.jar;C:\Users\danie\.m2\repository\org\glassfish\jaxb\jaxb-core\4.0.5\jaxb-core-4.0.5.jar;C:\Users\danie\.m2\repository\org\eclipse\angus\angus-activation\2.0.2\angus-activation-2.0.2.jar;C:\Users\danie\.m2\repository\org\glassfish\jaxb\txw2\4.0.5\txw2-4.0.5.jar;C:\Users\danie\.m2\repository\com\sun\istack\istack-commons-runtime\4.1.2\istack-commons-runtime-4.1.2.jar;C:\Users\danie\.m2\repository\jakarta\inject\jakarta.inject-api\2.0.1\jakarta.inject-api-2.0.1.jar;C:\Users\danie\.m2\repository\org\antlr\antlr4-runtime\4.13.0\antlr4-runtime-4.13.0.jar;C:\Users\danie\.m2\repository\org\springframework\data\spring-data-jpa\3.3.8\spring-data-jpa-3.3.8.jar;C:\Users\danie\.m2\repository\org\springframework\data\spring-data-commons\3.3.8\spring-data-commons-3.3.8.jar;C:\Users\danie\.m2\repository\org\springframework\spring-orm\6.1.16\spring-orm-6.1.16.jar;C:\Users\danie\.m2\repository\org\springframework\spring-context\6.1.16\spring-context-6.1.16.jar;C:\Users\danie\.m2\repository\org\springframework\spring-tx\6.1.16\spring-tx-6.1.16.jar;C:\Users\danie\.m2\repository\org\springframework\spring-beans\6.1.16\spring-beans-6.1.16.jar;C:\Users\danie\.m2\repository\jakarta\annotation\jakarta.annotation-api\2.1.1\jakarta.annotation-api-2.1.1.jar;C:\Users\danie\.m2\repository\org\slf4j\slf4j-api\2.0.16\slf4j-api-2.0.16.jar;C:\Users\danie\.m2\repository\org\springframework\spring-aspects\6.1.16\spring-aspects-6.1.16.jar;C:\Users\danie\.m2\repository\org\springframework\boot\spring-boot-starter-validation\3.3.8\spring-boot-starter-validation-3.3.8.jar;C:\Users\danie\.m2\repository\org\springframework\boot\spring-boot-starter\3.3.8\spring-boot-starter-3.3.8.jar;C:\Users\danie\.m2\repository\org\springframework\boot\spring-boot-starter-logging\3.3.8\spring-boot-starter-logging-3.3.8.jar;C:\Users\danie\.m2\repository\ch\qos\logback\logback-classic\1.5.16\logback-classic-1.5.16.jar;C:\Users\danie\.m2\repository\ch\qos\logback\logback-core\1.5.16\logback-core-1.5.16.jar;C:\Users\danie\.m2\repository\org\apache\logging\log4j\log4j-to-slf4j\2.23.1\log4j-to-slf4j-2.23.1.jar;C:\Users\danie\.m2\repository\org\apache\logging\log4j\log4j-api\2.23.1\log4j-api-2.23.1.jar;C:\Users\danie\.m2\repository\org\slf4j\jul-to-slf4j\2.0.16\jul-to-slf4j-2.0.16.jar;C:\Users\danie\.m2\repository\org\yaml\snakeyaml\2.2\snakeyaml-2.2.jar;C:\Users\danie\.m2\repository\org\apache\tomcat\embed\tomcat-embed-el\10.1.34\tomcat-embed-el-10.1.34.jar;C:\Users\danie\.m2\repository\org\hibernate\validator\hibernate-validator\8.0.2.Final\hibernate-validator-8.0.2.Final.jar;C:\Users\danie\.m2\repository\jakarta\validation\jakarta.validation-api\3.0.2\jakarta.validation-api-3.0.2.jar;C:\Users\danie\.m2\repository\org\springframework\boot\spring-boot-starter-web\3.3.8\spring-boot-starter-web-3.3.8.jar;C:\Users\danie\.m2\repository\org\springframework\boot\spring-boot-starter-json\3.3.8\spring-boot-starter-json-3.3.8.jar;C:\Users\danie\.m2\repository\com\fasterxml\jackson\core\jackson-databind\2.17.3\jackson-databind-2.17.3.jar;C:\Users\danie\.m2\repository\com\fasterxml\jackson\core\jackson-annotations\2.17.3\jackson-annotations-2.17.3.jar;C:\Users\danie\.m2\repository\com\fasterxml\jackson\core\jackson-core\2.17.3\jackson-core-2.17.3.jar;C:\Users\danie\.m2\repository\com\fasterxml\jackson\datatype\jackson-datatype-jdk8\2.17.3\jackson-datatype-jdk8-2.17.3.jar;C:\Users\danie\.m2\repository\com\fasterxml\jackson\datatype\jackson-datatype-jsr310\2.17.3\jackson-datatype-jsr310-2.17.3.jar;C:\Users\danie\.m2\repository\com\fasterxml\jackson\module\jackson-module-parameter-names\2.17.3\jackson-module-parameter-names-2.17.3.jar;C:\Users\danie\.m2\repository\org\springframework\boot\spring-boot-starter-tomcat\3.3.8\spring-boot-starter-tomcat-3.3.8.jar;C:\Users\danie\.m2\repository\org\apache\tomcat\embed\tomcat-embed-core\10.1.34\tomcat-embed-core-10.1.34.jar;C:\Users\danie\.m2\repository\org\apache\tomcat\embed\tomcat-embed-websocket\10.1.34\tomcat-embed-websocket-10.1.34.jar;C:\Users\danie\.m2\repository\org\springframework\spring-web\6.1.16\spring-web-6.1.16.jar;C:\Users\danie\.m2\repository\io\micrometer\micrometer-observation\1.13.10\micrometer-observation-1.13.10.jar;C:\Users\danie\.m2\repository\io\micrometer\micrometer-commons\1.13.10\micrometer-commons-1.13.10.jar;C:\Users\danie\.m2\repository\org\springframework\spring-webmvc\6.1.16\spring-webmvc-6.1.16.jar;C:\Users\danie\.m2\repository\org\springframework\spring-expression\6.1.16\spring-expression-6.1.16.jar;C:\Users\danie\.m2\repository\org\springframework\boot\spring-boot-devtools\3.3.8\spring-boot-devtools-3.3.8.jar;C:\Users\danie\.m2\repository\org\springframework\boot\spring-boot\3.3.8\spring-boot-3.3.8.jar;C:\Users\danie\.m2\repository\org\springframework\boot\spring-boot-autoconfigure\3.3.8\spring-boot-autoconfigure-3.3.8.jar;C:\Users\danie\.m2\repository\com\mysql\mysql-connector-j\8.3.0\mysql-connector-j-8.3.0.jar;C:\Users\danie\.m2\repository\org\projectlombok\lombok\1.18.36\lombok-1.18.36.jar;C:\Users\danie\.m2\repository\jakarta\xml\bind\jakarta.xml.bind-api\4.0.2\jakarta.xml.bind-api-4.0.2.jar;C:\Users\danie\.m2\repository\jakarta\activation\jakarta.activation-api\2.1.3\jakarta.activation-api-2.1.3.jar;C:\Users\danie\.m2\repository\org\springframework\spring-core\6.1.16\spring-core-6.1.16.jar;C:\Users\danie\.m2\repository\org\springframework\spring-jcl\6.1.16\spring-jcl-6.1.16.jar;C:\Users\danie\.m2\repository\org\springdoc\springdoc-openapi-starter-webmvc-ui\2.6.0\springdoc-openapi-starter-webmvc-ui-2.6.0.jar;C:\Users\danie\.m2\repository\org\springdoc\springdoc-openapi-starter-webmvc-api\2.6.0\springdoc-openapi-starter-webmvc-api-2.6.0.jar;C:\Users\danie\.m2\repository\org\springdoc\springdoc-openapi-starter-common\2.6.0\springdoc-openapi-starter-common-2.6.0.jar;C:\Users\danie\.m2\repository\io\swagger\core\v3\swagger-core-jakarta\2.2.22\swagger-core-jakarta-2.2.22.jar;C:\Users\danie\.m2\repository\org\apache\commons\commons-lang3\3.14.0\commons-lang3-3.14.0.jar;C:\Users\danie\.m2\repository\io\swagger\core\v3\swagger-annotations-jakarta\2.2.22\swagger-annotations-jakarta-2.2.22.jar;C:\Users\danie\.m2\repository\io\swagger\core\v3\swagger-models-jakarta\2.2.22\swagger-models-jakarta-2.2.22.jar;C:\Users\danie\.m2\repository\com\fasterxml\jackson\dataformat\jackson-dataformat-yaml\2.17.3\jackson-dataformat-yaml-2.17.3.jar;C:\Users\danie\.m2\repository\org\webjars\swagger-ui\5.17.14\swagger-ui-5.17.14.jar
Launcher Type: SUN_STANDARD

[Global flags]
     intx CICompilerCount                          = 4                                         {product} {ergonomic}
     uint ConcGCThreads                            = 2                                         {product} {ergonomic}
     uint G1ConcRefinementThreads                  = 8                                         {product} {ergonomic}
   size_t G1HeapRegionSize                         = 2097152                                   {product} {ergonomic}
   size_t InitialHeapSize                          = 266338304                                 {product} {ergonomic}
     bool ManagementServer                         = true                                      {product} {command line}
   size_t MarkStackSize                            = 4194304                                   {product} {ergonomic}
   size_t MaxHeapSize                              = 4257218560                                {product} {ergonomic}
   size_t MaxNewSize                               = 2554331136                                {product} {ergonomic}
   size_t MinHeapDeltaBytes                        = 2097152                                   {product} {ergonomic}
   size_t MinHeapSize                              = 8388608                                   {product} {ergonomic}
    uintx NonNMethodCodeHeapSize                   = 4096                                   {pd product} {ergonomic}
    uintx NonProfiledCodeHeapSize                  = 0                                      {pd product} {ergonomic}
     bool ProfileInterpreter                       = false                                  {pd product} {command line}
    uintx ProfiledCodeHeapSize                     = 0                                      {pd product} {ergonomic}
   size_t SoftMaxHeapSize                          = 4257218560                             {manageable} {ergonomic}
     intx TieredStopAtLevel                        = 1                                         {product} {command line}
     bool UseCompressedOops                        = true                           {product lp64_product} {ergonomic}
     bool UseG1GC                                  = true                                      {product} {ergonomic}
     bool UseLargePagesIndividualAllocation        = false                                  {pd product} {ergonomic}

Logging:
Log output configuration:
 #0: stdout all=warning uptime,level,tags foldmultilines=false
 #1: stderr all=off uptime,level,tags foldmultilines=false

Environment Variables:
JAVA_HOME=C:\Program Files\Eclipse Adoptium\jdk-21.0.5.11-hotspot\
PATH=C:\Program Files (x86)\Common Files\Oracle\Java\java8path;C:\Program Files (x86)\Common Files\Oracle\Java\javapath;C:\Program Files\Microsoft SDKs\Azure\CLI2\wbin;C:\Program Files\Eclipse Adoptium\jdk-21.0.5.11-hotspot\bin;C:\src\flutter\bin;C:\WINDOWS\system32;C:\WINDOWS;C:\WINDOWS\System32\Wbem;C:\WINDOWS\System32\WindowsPowerShell\v1.0\;C:\WINDOWS\System32\OpenSSH\;C:\Program Files (x86)\NVIDIA Corporation\PhysX\Common;C:\Program Files\Microsoft SQL Server\150\Tools\Binn\;C:\Program Files\Microsoft SQL Server\Client SDK\ODBC\170\Tools\Binn\;C:\Program Files\dotnet\;C:\Program Files (x86)\Windows Kits\10\Windows Performance Toolkit\;C:\Program Files\Git\cmd;;C:\Program Files\Redis\;C:\Program Files\nodejs\;C:\Program Files\NVIDIA Corporation\NVIDIA app\NvDLISR;C:\Users\danie\AppData\Local\Programs\Python\Python313\Scripts\;C:\Users\danie\AppData\Local\Programs\Python\Python313\;C:\Users\danie\AppData\Local\Programs\Python\Launcher\;C:\Program Files\MySQL\MySQL Shell 8.0\bin\;C:\Users\danie\AppData\Local\Microsoft\WindowsApps;C:\Program Files\JetBrains\IntelliJ IDEA 2023.3.5\bin;;C:\Users\danie\.dotnet\tools;C:\Users\danie\AppData\Local\Programs\Microsoft VS Code\bin;C:\Users\danie\AppData\Local\GitHubDesktop\bin;C:\Users\danie\AppData\Local\Programs\Python\Python313;C:\Users\danie\AppData\Local\Programs\Python\Python313\Scripts;C:\Users\danie\AppData\Roaming\npm;C:\Users\danie\Downloads\apache-maven-3.9.9-bin\apache-maven-3.9.9\bin;
USERNAME=daniel
OS=Windows_NT
PROCESSOR_IDENTIFIER=Intel64 Family 6 Model 151 Stepping 5, GenuineIntel
TMP=C:\Users\danie\AppData\Local\Temp
TEMP=C:\Users\danie\AppData\Local\Temp




Periodic native trim disabled

---------------  S Y S T E M  ---------------

OS:
 Windows 11 , 64 bit Build 26100 (10.0.26100.3037)
OS uptime: 10 days 4:59 hours
Hyper-V role detected

CPU: total 8 (initial active 8) (4 cores per cpu, 2 threads per core) family 6 model 151 stepping 5 microcode 0x2d, cx8, cmov, fxsr, ht, mmx, 3dnowpref, sse, sse2, sse3, ssse3, sse4.1, sse4.2, popcnt, lzcnt, tsc, tscinvbit, avx, avx2, aes, erms, clmul, bmi1, bmi2, adx, sha, fma, vzeroupper, clflush, clflushopt, clwb, hv, serialize, rdtscp, rdpid, fsrm, f16c, cet_ibt, cet_ss
Processor Information for all 8 processors :
  Max Mhz: 3300, Current Mhz: 3300, Mhz Limit: 3300

Memory: 4k page, system-wide physical 16237M (878M free)
TotalPageFile size 65389M (AvailPageFile size 9M)
current process WorkingSet (physical memory assigned to process): 249M, peak: 249M
current process commit charge ("private bytes"): 287M, peak: 377M

vm_info: OpenJDK 64-Bit Server VM (22.0.1+8-16) for windows-amd64 JRE (22.0.1+8-16), built on 2024-03-12T10:33:16Z by "mach5one" with MS VC++ 17.6 (VS2022)

END.
